============================= test session starts =============================
platform win32 -- Python 3.8.10, pytest-8.3.5, pluggy-1.5.0 -- C:\Users\anubhab samanta\.gemini\antigravity\scratch\InsightAI\backend\venv\Scripts\python.exe
cachedir: .pytest_cache
rootdir: C:\Users\anubhab samanta\.gemini\antigravity\scratch\InsightAI\backend
configfile: pytest.ini
plugins: anyio-4.5.2, asyncio-0.24.0
asyncio: mode=strict, default_loop_scope=function
collecting ... collected 15 items

test_dashboard_flow.py::test_process_dashboard_query_returns_multi_widget_dashboard PASSED [  6%]
test_dashboard_flow.py::test_process_dashboard_query_uses_local_fallback_when_rate_limited FAILED [ 13%]
test_sql_sanitization.py::test_execute_select_query_strips_control_characters PASSED [ 20%]
test_sql_sanitization.py::test_sanitize_sql_accepts_single_statement_with_trailing_semicolon_and_comment PASSED [ 26%]
test_sql_sanitization.py::test_sanitize_sql_rejects_true_multi_statement_sql PASSED [ 33%]
test_sql_sanitization.py::test_sanitize_sql_allows_semicolons_inside_escaped_string_literals PASSED [ 40%]
test_sql_sanitization.py::test_process_analytic_query_returns_clear_message_for_invalid_sql PASSED [ 46%]
test_sql_sanitization.py::test_classify_llm_error_preserves_http_exception_details PASSED [ 53%]
test_upload_validation.py::test_validate_uploaded_csv_bytes_rejects_binary_signature PASSED [ 60%]
test_upload_validation.py::test_validate_uploaded_csv_bytes_allows_utf16_text PASSED [ 66%]
test_upload_validation.py::test_sanitize_dataframe_columns_normalizes_and_deduplicates_headers PASSED [ 73%]
test_upload_validation.py::test_upload_endpoint_returns_empty_auto_insights_after_upload PASSED [ 80%]
test_upload_validation.py::test_upload_endpoint_accepts_utf16_csv PASSED [ 86%]
test_upload_validation.py::test_extract_csv_from_webarchive_returns_plain_csv_bytes PASSED [ 93%]
test_upload_validation.py::test_upload_endpoint_accepts_webarchive_wrapped_csv PASSED [100%]

================================== FAILURES ===================================
_____ test_process_dashboard_query_uses_local_fallback_when_rate_limited ______

monkeypatch = <_pytest.monkeypatch.MonkeyPatch object at 0x000001E4AD943A90>
with_demo_dataset = None

    def test_process_dashboard_query_uses_local_fallback_when_rate_limited(monkeypatch, with_demo_dataset):
        monkeypatch.setattr(main, "generate_dashboard_plan", fake_rate_limited_dashboard_plan)
    
        response = asyncio.run(
            main.process_dashboard_query(
                "Show the trend of views over time and break it down by region.",
                [],
            )
        )
    
>       assert response["cannot_answer"] is False
E       assert True is False

test_dashboard_flow.py:108: AssertionError
---------------------------- Captured stdout setup ----------------------------
Synced demo dataset with 1560 rows into youtube_analytics
=========================== short test summary info ===========================
FAILED test_dashboard_flow.py::test_process_dashboard_query_uses_local_fallback_when_rate_limited
======================== 1 failed, 14 passed in 1.94s =========================
